Using pre-set license
Built from '2021.3/staging' branch; Version is '2021.3.19f1 (c9714fde33b6) revision 13201743'; Using compiler version '192829333'; Build Type 'Release'
OS: 'Windows 10  (10.0.19045) 64bit Professional' Language: 'ru' Physical Memory: 16353 MB
BatchMode: 1, IsHumanControllingUs: 0, StartBugReporterOnCrash: 0, Is64bit: 1, IsPro: 1

COMMAND LINE ARGUMENTS:
C:\Program Files\Unity\Hub\Editor\2021.3.19f1\Editor\Unity.exe
-adb2
-batchMode
-noUpm
-name
AssetImportWorker1
-projectPath
C:/Lern/DBBC/Code-Storm
-logFile
Logs/AssetImportWorker1.log
-srvPort
50638
Successfully changed project path to: C:/Lern/DBBC/Code-Storm
C:/Lern/DBBC/Code-Storm
[UnityMemory] Configuration Parameters - Can be set up in boot.config
    "memorysetup-bucket-allocator-granularity=16"
    "memorysetup-bucket-allocator-bucket-count=8"
    "memorysetup-bucket-allocator-block-size=33554432"
    "memorysetup-bucket-allocator-block-count=8"
    "memorysetup-main-allocator-block-size=16777216"
    "memorysetup-thread-allocator-block-size=16777216"
    "memorysetup-gfx-main-allocator-block-size=16777216"
    "memorysetup-gfx-thread-allocator-block-size=16777216"
    "memorysetup-cache-allocator-block-size=4194304"
    "memorysetup-typetree-allocator-block-size=2097152"
    "memorysetup-profiler-bucket-allocator-granularity=16"
    "memorysetup-profiler-bucket-allocator-bucket-count=8"
    "memorysetup-profiler-bucket-allocator-block-size=33554432"
    "memorysetup-profiler-bucket-allocator-block-count=8"
    "memorysetup-profiler-allocator-block-size=16777216"
    "memorysetup-profiler-editor-allocator-block-size=1048576"
    "memorysetup-temp-allocator-size-main=16777216"
    "memorysetup-job-temp-allocator-block-size=2097152"
    "memorysetup-job-temp-allocator-block-size-background=1048576"
    "memorysetup-job-temp-allocator-reduction-small-platforms=262144"
    "memorysetup-temp-allocator-size-background-worker=32768"
    "memorysetup-temp-allocator-size-job-worker=262144"
    "memorysetup-temp-allocator-size-preload-manager=33554432"
    "memorysetup-temp-allocator-size-nav-mesh-worker=65536"
    "memorysetup-temp-allocator-size-audio-worker=65536"
    "memorysetup-temp-allocator-size-cloud-worker=32768"
    "memorysetup-temp-allocator-size-gi-baking-worker=262144"
    "memorysetup-temp-allocator-size-gfx=262144"
Player connection [12216] Host "[IP] 192.168.1.2 [Port] 0 [Flags] 2 [Guid] 533167400 [EditorId] 533167400 [Version] 1048832 [Id] WindowsEditor(7,DESKTOP-RPQ0OQU) [Debug] 1 [PackageName] WindowsEditor [ProjectName] Editor" joined multi-casting on [225.0.0.222:54997]...

Player connection [12216] Host "[IP] 192.168.1.2 [Port] 0 [Flags] 2 [Guid] 533167400 [EditorId] 533167400 [Version] 1048832 [Id] WindowsEditor(7,DESKTOP-RPQ0OQU) [Debug] 1 [PackageName] WindowsEditor [ProjectName] Editor" joined alternative multi-casting on [225.0.0.222:34997]...

Refreshing native plugins compatible for Editor in 184.56 ms, found 4 plugins.
Preloading 0 native plugins for Editor in 0.00 ms.
Initialize engine version: 2021.3.19f1 (c9714fde33b6)
[Subsystems] Discovering subsystems at path C:/Program Files/Unity/Hub/Editor/2021.3.19f1/Editor/Data/Resources/UnitySubsystems
[Subsystems] Discovering subsystems at path C:/Lern/DBBC/Code-Storm/Assets
GfxDevice: creating device client; threaded=0; jobified=0
Direct3D:
    Version:  Direct3D 11.0 [level 11.1]
    Renderer: NVIDIA GeForce GTX 1070 (ID=0x1b81)
    Vendor:   NVIDIA
    VRAM:     8081 MB
    Driver:   31.0.15.2849
Initialize mono
Mono path[0] = 'C:/Program Files/Unity/Hub/Editor/2021.3.19f1/Editor/Data/Managed'
Mono path[1] = 'C:/Program Files/Unity/Hub/Editor/2021.3.19f1/Editor/Data/MonoBleedingEdge/lib/mono/unityjit-win32'
Mono config path = 'C:/Program Files/Unity/Hub/Editor/2021.3.19f1/Editor/Data/MonoBleedingEdge/etc'
Using monoOptions --debugger-agent=transport=dt_socket,embedding=1,server=y,suspend=n,address=127.0.0.1:56216
Begin MonoManager ReloadAssembly
Registering precompiled unity dll's ...
Register platform support module: C:/Program Files/Unity/Hub/Editor/2021.3.19f1/Editor/Data/PlaybackEngines/AndroidPlayer/UnityEditor.Android.Extensions.dll
Register platform support module: C:/Program Files/Unity/Hub/Editor/2021.3.19f1/Editor/Data/PlaybackEngines/WindowsStandaloneSupport/UnityEditor.WindowsStandalone.Extensions.dll
Registered in 0.014791 seconds.
Native extension for WindowsStandalone target not found
Native extension for Android target not found
Android Extension - Scanning For ADB Devices 517 ms
Refreshing native plugins compatible for Editor in 128.81 ms, found 4 plugins.
Preloading 0 native plugins for Editor in 0.00 ms.
Mono: successfully reloaded assembly
- Completed reload, in  1.823 seconds
Domain Reload Profiling:
	ReloadAssembly (1824ms)
		BeginReloadAssembly (161ms)
			ExecutionOrderSort (0ms)
			DisableScriptedObjects (0ms)
			BackupInstance (0ms)
			ReleaseScriptingObjects (0ms)
			CreateAndSetChildDomain (2ms)
		EndReloadAssembly (1444ms)
			LoadAssemblies (157ms)
			RebuildTransferFunctionScriptingTraits (0ms)
			SetupTypeCache (256ms)
			ReleaseScriptCaches (0ms)
			RebuildScriptCaches (63ms)
			SetupLoadedEditorAssemblies (1014ms)
				LogAssemblyErrors (0ms)
				InitializePlatformSupportModulesInManaged (655ms)
				SetLoadedEditorAssemblies (0ms)
				RefreshPlugins (129ms)
				BeforeProcessingInitializeOnLoad (2ms)
				ProcessInitializeOnLoadAttributes (152ms)
				ProcessInitializeOnLoadMethodAttributes (75ms)
				AfterProcessingInitializeOnLoad (0ms)
				EditorAssembliesLoaded (0ms)
			ExecutionOrderSort2 (0ms)
			AwakeInstancesAfterBackupRestoration (0ms)
Platform modules already initialized, skipping
Registering precompiled user dll's ...
Registered in 0.011425 seconds.
Begin MonoManager ReloadAssembly
Symbol file LoadedFromMemory doesn't match image C:\Lern\DBBC\Code-Storm\Library\PackageCache\com.unity.visualscripting@1.8.0\Editor\VisualScripting.Core\Dependencies\YamlDotNet\Unity.VisualScripting.YamlDotNet.dll
Symbol file LoadedFromMemory doesn't match image C:\Lern\DBBC\Code-Storm\Library\PackageCache\com.unity.visualscripting@1.8.0\Editor\VisualScripting.Core\Dependencies\DotNetZip\Unity.VisualScripting.IonicZip.dll
Native extension for WindowsStandalone target not found
Native extension for Android target not found
Refreshing native plugins compatible for Editor in 168.12 ms, found 4 plugins.
Preloading 0 native plugins for Editor in 0.00 ms.
Mono: successfully reloaded assembly
- Completed reload, in  2.606 seconds
Domain Reload Profiling:
	ReloadAssembly (2609ms)
		BeginReloadAssembly (283ms)
			ExecutionOrderSort (0ms)
			DisableScriptedObjects (13ms)
			BackupInstance (0ms)
			ReleaseScriptingObjects (0ms)
			CreateAndSetChildDomain (50ms)
		EndReloadAssembly (2050ms)
			LoadAssemblies (239ms)
			RebuildTransferFunctionScriptingTraits (0ms)
			SetupTypeCache (568ms)
			ReleaseScriptCaches (2ms)
			RebuildScriptCaches (146ms)
			SetupLoadedEditorAssemblies (1017ms)
				LogAssemblyErrors (0ms)
				InitializePlatformSupportModulesInManaged (45ms)
				SetLoadedEditorAssemblies (1ms)
				RefreshPlugins (168ms)
				BeforeProcessingInitializeOnLoad (222ms)
				ProcessInitializeOnLoadAttributes (481ms)
				ProcessInitializeOnLoadMethodAttributes (81ms)
				AfterProcessingInitializeOnLoad (18ms)
				EditorAssembliesLoaded (0ms)
			ExecutionOrderSort2 (0ms)
			AwakeInstancesAfterBackupRestoration (12ms)
Platform modules already initialized, skipping
========================================================================
Worker process is ready to serve import requests
Launched and connected shader compiler UnityShaderCompiler.exe after 0.08 seconds
Refreshing native plugins compatible for Editor in 5.47 ms, found 4 plugins.
Preloading 0 native plugins for Editor in 0.00 ms.
Unloading 3734 Unused Serialized files (Serialized files now loaded: 0)
Unloading 41 unused Assets / (229.2 KB). Loaded Objects now: 4189.
Memory consumption went from 142.6 MB to 142.4 MB.
Total: 6.198900 ms (FindLiveObjects: 0.813100 ms CreateObjectMapping: 0.216600 ms MarkObjects: 4.749900 ms  DeleteObjects: 0.416600 ms)

AssetImportParameters requested are different than current active one (requested -> active):
  custom:video-decoder-ogg-theora: a1e56fd34408186e4bbccfd4996cb3dc -> 
  custom:container-muxer-webm: aa71ff27fc2769a1b78a27578f13a17b -> 
  custom:container-demuxer-webm: 4f35f7cbe854078d1ac9338744f61a02 -> 
  custom:video-encoder-webm-vp8: eb34c28f22e8b96e1ab97ce403110664 -> 
  custom:audio-encoder-webm-vorbis: bf7c407c2cedff20999df2af8eb42d56 -> 
  custom:framework-win-MediaFoundation: 216162199b28c13a410421893ffa2e32 -> 
  custom:container-demuxer-ogg: 62fdf1f143b41e24485cea50d1cbac27 -> 
  custom:video-decoder-webm-vp8: 9c59270c3fd7afecdb556c50c9e8de78 -> 
  custom:audio-decoder-ogg-vorbis: bf7c407c2cedff20999df2af8eb42d56 -> 
========================================================================
Received Import Request.
  Time since last request: 638275.757524 seconds.
  path: Assets/Scenes
  artifactKey: Guid(131a6b21c8605f84396be9f6751fb6e3) Importer(815301076,1909f56bfc062723c751e8b465ee728b)
Start importing Assets/Scenes using Guid(131a6b21c8605f84396be9f6751fb6e3) Importer(815301076,1909f56bfc062723c751e8b465ee728b)  -> (artifact id: '2c23e514d24f6b65fe96946cd87fc526') in 0.026505 seconds 
========================================================================
Received Import Request.
  Time since last request: 268.767196 seconds.
  path: Assets/Tile-Sets/Tile-set_Ep1.png
  artifactKey: Guid(c7252dddfc666b44aaadfa45a29cbb84) Importer(815301076,1909f56bfc062723c751e8b465ee728b)
Start importing Assets/Tile-Sets/Tile-set_Ep1.png using Guid(c7252dddfc666b44aaadfa45a29cbb84) Importer(815301076,1909f56bfc062723c751e8b465ee728b)  -> (artifact id: '1bdb39fccbb64ae9d87ed1b70d9d2689') in 0.269247 seconds 
========================================================================
Received Import Request.
  Time since last request: 1081.305398 seconds.
  path: Assets/Tile-maps/Tile-palette1.asset
  artifactKey: Guid(1a3cad8238bc24a408b135d56a60f0f2) Importer(815301076,1909f56bfc062723c751e8b465ee728b)
Start importing Assets/Tile-maps/Tile-palette1.asset using Guid(1a3cad8238bc24a408b135d56a60f0f2) Importer(815301076,1909f56bfc062723c751e8b465ee728b)  -> (artifact id: '53610cd5fbe7e406d9a43e1516db20ca') in 0.111391 seconds 
========================================================================
Received Import Request.
  Time since last request: 472.185673 seconds.
  path: Assets/Tile-Sets/Tile-set_Ep1_1.asset
  artifactKey: Guid(45d97f6aaa0563b488f96f7889d0130b) Importer(815301076,1909f56bfc062723c751e8b465ee728b)
Start importing Assets/Tile-Sets/Tile-set_Ep1_1.asset using Guid(45d97f6aaa0563b488f96f7889d0130b) Importer(815301076,1909f56bfc062723c751e8b465ee728b)  -> (artifact id: '177e90e8cf301276338407e120f60124') in 0.028558 seconds 
========================================================================
Received Import Request.
  Time since last request: 0.032499 seconds.
  path: Assets/Tile-Sets/Tile-set_Ep1_2.asset
  artifactKey: Guid(2567b1f20ce3dcc42b63e2714627f422) Importer(815301076,1909f56bfc062723c751e8b465ee728b)
Start importing Assets/Tile-Sets/Tile-set_Ep1_2.asset using Guid(2567b1f20ce3dcc42b63e2714627f422) Importer(815301076,1909f56bfc062723c751e8b465ee728b)  -> (artifact id: 'bd9fd16933a84594dd92800e314a9136') in 0.031893 seconds 
========================================================================
Received Import Request.
  Time since last request: 0.000035 seconds.
  path: Assets/Tile-Sets/Tile-set_Ep1_25.asset
  artifactKey: Guid(4a3aa6bdd9a3fd14fa19e09eeb469f6b) Importer(815301076,1909f56bfc062723c751e8b465ee728b)
Start importing Assets/Tile-Sets/Tile-set_Ep1_25.asset using Guid(4a3aa6bdd9a3fd14fa19e09eeb469f6b) Importer(815301076,1909f56bfc062723c751e8b465ee728b)  -> (artifact id: '6ffdff26b19857d2ebf9886fc4bcaee3') in 0.018295 seconds 
========================================================================
Received Import Request.
  Time since last request: 0.000042 seconds.
  path: Assets/Tile-Sets/Tile-set_Ep1_21.asset
  artifactKey: Guid(d33fb119270b71d4688006def72b899e) Importer(815301076,1909f56bfc062723c751e8b465ee728b)
Start importing Assets/Tile-Sets/Tile-set_Ep1_21.asset using Guid(d33fb119270b71d4688006def72b899e) Importer(815301076,1909f56bfc062723c751e8b465ee728b)  -> (artifact id: 'c542b3b9b40e505524a3024134b707be') in 0.021206 seconds 
========================================================================
Received Import Request.
  Time since last request: 0.000040 seconds.
  path: Assets/Tile-Sets/Tile-set_Ep1_17.asset
  artifactKey: Guid(cae45c235145c61468565f9b6b0b4d72) Importer(815301076,1909f56bfc062723c751e8b465ee728b)
Start importing Assets/Tile-Sets/Tile-set_Ep1_17.asset using Guid(cae45c235145c61468565f9b6b0b4d72) Importer(815301076,1909f56bfc062723c751e8b465ee728b)  -> (artifact id: 'f39b3bdd3164fdbec897008058bd66f6') in 0.021865 seconds 
========================================================================
Received Import Request.
  Time since last request: 0.000035 seconds.
  path: Assets/Tile-Sets/Tile-set_Ep1_15.asset
  artifactKey: Guid(006a97eb85da93f4ebded76d3530a587) Importer(815301076,1909f56bfc062723c751e8b465ee728b)
Start importing Assets/Tile-Sets/Tile-set_Ep1_15.asset using Guid(006a97eb85da93f4ebded76d3530a587) Importer(815301076,1909f56bfc062723c751e8b465ee728b)  -> (artifact id: 'd00aa94f59ba84d8826d7bf04d5cf42e') in 0.019791 seconds 
========================================================================
Received Import Request.
  Time since last request: 0.000035 seconds.
  path: Assets/Tile-Sets/Tile-set_Ep1_11.asset
  artifactKey: Guid(cdccd36b0f4591343b60747c119bcf6d) Importer(815301076,1909f56bfc062723c751e8b465ee728b)
Start importing Assets/Tile-Sets/Tile-set_Ep1_11.asset using Guid(cdccd36b0f4591343b60747c119bcf6d) Importer(815301076,1909f56bfc062723c751e8b465ee728b)  -> (artifact id: 'a26e699937d978a8fe4e627ac4bd8bd3') in 0.018348 seconds 
========================================================================
Received Import Request.
  Time since last request: 0.000034 seconds.
  path: Assets/Tile-Sets/Tile-set_Ep1_3.asset
  artifactKey: Guid(828cbd6fc79cacb40909b4a3c5ffb470) Importer(815301076,1909f56bfc062723c751e8b465ee728b)
Start importing Assets/Tile-Sets/Tile-set_Ep1_3.asset using Guid(828cbd6fc79cacb40909b4a3c5ffb470) Importer(815301076,1909f56bfc062723c751e8b465ee728b)  -> (artifact id: '8816f693a7fc818ff568fce56fd555bd') in 0.022738 seconds 
========================================================================
Received Import Request.
  Time since last request: 0.000036 seconds.
  path: Assets/Tile-Sets/Tile-set_Ep1_14.asset
  artifactKey: Guid(3c05033629092184eb825d4f217b0664) Importer(815301076,1909f56bfc062723c751e8b465ee728b)
Start importing Assets/Tile-Sets/Tile-set_Ep1_14.asset using Guid(3c05033629092184eb825d4f217b0664) Importer(815301076,1909f56bfc062723c751e8b465ee728b)  -> (artifact id: '696269ed65f2e77708eb0d36cfb808f7') in 0.021961 seconds 
========================================================================
Received Import Request.
  Time since last request: 0.000044 seconds.
  path: Assets/Tile-Sets/Tile-set_Ep1_10.asset
  artifactKey: Guid(fc34002ae7ed69a4781f82b2af8c7bc1) Importer(815301076,1909f56bfc062723c751e8b465ee728b)
Start importing Assets/Tile-Sets/Tile-set_Ep1_10.asset using Guid(fc34002ae7ed69a4781f82b2af8c7bc1) Importer(815301076,1909f56bfc062723c751e8b465ee728b)  -> (artifact id: '3f6c047643184c5723095cf3cef8d6a8') in 0.019524 seconds 
========================================================================
Received Import Request.
  Time since last request: 0.000028 seconds.
  path: Assets/Tile-Sets/Tile-set_Ep1_23.asset
  artifactKey: Guid(8436f7e2b76fdfe4c85880393eda5b6f) Importer(815301076,1909f56bfc062723c751e8b465ee728b)
Start importing Assets/Tile-Sets/Tile-set_Ep1_23.asset using Guid(8436f7e2b76fdfe4c85880393eda5b6f) Importer(815301076,1909f56bfc062723c751e8b465ee728b)  -> (artifact id: '1bd01d9b99dbeed72570ef24f9ff689d') in 0.020275 seconds 
========================================================================
Received Import Request.
  Time since last request: 0.000034 seconds.
  path: Assets/Tile-Sets/Tile-set_Ep1_22.asset
  artifactKey: Guid(1e1e2506b266aaf47a51e7102846c679) Importer(815301076,1909f56bfc062723c751e8b465ee728b)
Start importing Assets/Tile-Sets/Tile-set_Ep1_22.asset using Guid(1e1e2506b266aaf47a51e7102846c679) Importer(815301076,1909f56bfc062723c751e8b465ee728b)  -> (artifact id: 'cc1c4985ce5135fad5d42a0591c12e54') in 0.018697 seconds 
========================================================================
Received Import Request.
  Time since last request: 0.000032 seconds.
  path: Assets/Tile-Sets/Tile-set_Ep1_18.asset
  artifactKey: Guid(ad4752a09bd8485489bf2d8c82fcbf2e) Importer(815301076,1909f56bfc062723c751e8b465ee728b)
Start importing Assets/Tile-Sets/Tile-set_Ep1_18.asset using Guid(ad4752a09bd8485489bf2d8c82fcbf2e) Importer(815301076,1909f56bfc062723c751e8b465ee728b)  -> (artifact id: '3d21df9a0d67e4952ed35e36f84cfdd3') in 0.016529 seconds 
========================================================================
Received Import Request.
  Time since last request: 0.000034 seconds.
  path: Assets/Tile-Sets/Tile-set_Ep1_12.asset
  artifactKey: Guid(c05ecf64226103c41b099776b112629f) Importer(815301076,1909f56bfc062723c751e8b465ee728b)
Start importing Assets/Tile-Sets/Tile-set_Ep1_12.asset using Guid(c05ecf64226103c41b099776b112629f) Importer(815301076,1909f56bfc062723c751e8b465ee728b)  -> (artifact id: 'd0ceb31edc2b20522eb5a4b9470ac880') in 0.017578 seconds 
========================================================================
Received Import Request.
  Time since last request: 0.103936 seconds.
  path: Assets/Tile-Sets/Tile-set_Ep1_29.asset
  artifactKey: Guid(1edfc7bd61d71014b9155879a3c40e6f) Importer(815301076,1909f56bfc062723c751e8b465ee728b)
Start importing Assets/Tile-Sets/Tile-set_Ep1_29.asset using Guid(1edfc7bd61d71014b9155879a3c40e6f) Importer(815301076,1909f56bfc062723c751e8b465ee728b)  -> (artifact id: 'b02437b1df5da0dc2ae314ad147f8fa4') in 0.018353 seconds 
========================================================================
Received Import Request.
  Time since last request: 0.000028 seconds.
  path: Assets/Tile-Sets/Tile-set_Ep1_30.asset
  artifactKey: Guid(0732f0e69da0b2a40a882c0149f89e36) Importer(815301076,1909f56bfc062723c751e8b465ee728b)
Start importing Assets/Tile-Sets/Tile-set_Ep1_30.asset using Guid(0732f0e69da0b2a40a882c0149f89e36) Importer(815301076,1909f56bfc062723c751e8b465ee728b)  -> (artifact id: 'ebb6cc10e2f05f2ef93395a6d3865dc3') in 0.017038 seconds 
========================================================================
Received Import Request.
  Time since last request: 0.000025 seconds.
  path: Assets/Tile-Sets/Tile-set_Ep1_32.asset
  artifactKey: Guid(74f0ae218a37734499f213e51b0bca84) Importer(815301076,1909f56bfc062723c751e8b465ee728b)
Start importing Assets/Tile-Sets/Tile-set_Ep1_32.asset using Guid(74f0ae218a37734499f213e51b0bca84) Importer(815301076,1909f56bfc062723c751e8b465ee728b)  -> (artifact id: '289bd39db6add1be850a0c4908f832f7') in 0.017032 seconds 
========================================================================
Received Import Request.
  Time since last request: 0.000030 seconds.
  path: Assets/Tile-Sets/Tile-set_Ep1_33.asset
  artifactKey: Guid(8c53a95489c5aaf4fbe3621f6052f770) Importer(815301076,1909f56bfc062723c751e8b465ee728b)
Start importing Assets/Tile-Sets/Tile-set_Ep1_33.asset using Guid(8c53a95489c5aaf4fbe3621f6052f770) Importer(815301076,1909f56bfc062723c751e8b465ee728b)  -> (artifact id: '464ba125dc27fbc05106de8d5ef2c106') in 0.014368 seconds 
========================================================================
Received Import Request.
  Time since last request: 0.000028 seconds.
  path: Assets/Tile-Sets/Tile-set_Ep1_47.asset
  artifactKey: Guid(13562784449e0234bb02224776950df0) Importer(815301076,1909f56bfc062723c751e8b465ee728b)
Start importing Assets/Tile-Sets/Tile-set_Ep1_47.asset using Guid(13562784449e0234bb02224776950df0) Importer(815301076,1909f56bfc062723c751e8b465ee728b)  -> (artifact id: 'f8456178fbe2a5ebe05fe253a826aa62') in 0.016611 seconds 
========================================================================
Received Import Request.
  Time since last request: 0.000031 seconds.
  path: Assets/Tile-Sets/Tile-set_Ep1_43.asset
  artifactKey: Guid(63c387ff05a510b43840ebba585850d2) Importer(815301076,1909f56bfc062723c751e8b465ee728b)
Start importing Assets/Tile-Sets/Tile-set_Ep1_43.asset using Guid(63c387ff05a510b43840ebba585850d2) Importer(815301076,1909f56bfc062723c751e8b465ee728b)  -> (artifact id: 'dc6b9ba44808efa0c84650825774b4da') in 0.016244 seconds 
========================================================================
Received Import Request.
  Time since last request: 0.000025 seconds.
  path: Assets/Tile-Sets/Tile-set_Ep1_45.asset
  artifactKey: Guid(6fb7735e43fd21e4a991d7e79cedafed) Importer(815301076,1909f56bfc062723c751e8b465ee728b)
Start importing Assets/Tile-Sets/Tile-set_Ep1_45.asset using Guid(6fb7735e43fd21e4a991d7e79cedafed) Importer(815301076,1909f56bfc062723c751e8b465ee728b)  -> (artifact id: '5f7ef44d272ec09af372267a0fc7e0bf') in 0.017750 seconds 
========================================================================
Received Import Request.
  Time since last request: 0.000031 seconds.
  path: Assets/Tile-Sets/Tile-set_Ep1_42.asset
  artifactKey: Guid(36bf247a7539b1c4cba43c4c24d91601) Importer(815301076,1909f56bfc062723c751e8b465ee728b)
Start importing Assets/Tile-Sets/Tile-set_Ep1_42.asset using Guid(36bf247a7539b1c4cba43c4c24d91601) Importer(815301076,1909f56bfc062723c751e8b465ee728b)  -> (artifact id: '68327096a07f81c8a147e01379563325') in 0.014951 seconds 
========================================================================
Received Import Request.
  Time since last request: 0.000035 seconds.
  path: Assets/Tile-Sets/Tile-set_Ep1_36.asset
  artifactKey: Guid(c2cb49e62ea4be6419f5a9898bc8c7e1) Importer(815301076,1909f56bfc062723c751e8b465ee728b)
Start importing Assets/Tile-Sets/Tile-set_Ep1_36.asset using Guid(c2cb49e62ea4be6419f5a9898bc8c7e1) Importer(815301076,1909f56bfc062723c751e8b465ee728b)  -> (artifact id: '08f99cf6cfad4fca052a32c3e413cf33') in 0.015733 seconds 
========================================================================
Received Import Request.
  Time since last request: 0.000041 seconds.
  path: Assets/Tile-Sets/Tile-set_Ep1_40.asset
  artifactKey: Guid(a2e6ab61dae96ed43b3a828dce0a5da9) Importer(815301076,1909f56bfc062723c751e8b465ee728b)
Start importing Assets/Tile-Sets/Tile-set_Ep1_40.asset using Guid(a2e6ab61dae96ed43b3a828dce0a5da9) Importer(815301076,1909f56bfc062723c751e8b465ee728b)  -> (artifact id: 'e2ba731105df0bc01a197e94da478fa5') in 0.015137 seconds 
========================================================================
Received Import Request.
  Time since last request: 1.578909 seconds.
  path: Assets/Tile-Sets/Tile-set_Ep1_49.asset
  artifactKey: Guid(9b864ba109b9acc40aef4299c0d68c92) Importer(815301076,1909f56bfc062723c751e8b465ee728b)
Start importing Assets/Tile-Sets/Tile-set_Ep1_49.asset using Guid(9b864ba109b9acc40aef4299c0d68c92) Importer(815301076,1909f56bfc062723c751e8b465ee728b)  -> (artifact id: '7b8223a5f803cfdfc1aeaaca7408ef33') in 0.015596 seconds 
========================================================================
Received Import Request.
  Time since last request: 0.000029 seconds.
  path: Assets/Tile-Sets/Tile-set_Ep1_51.asset
  artifactKey: Guid(db960ad4b9a6a504f8e285ffee7a0e35) Importer(815301076,1909f56bfc062723c751e8b465ee728b)
Start importing Assets/Tile-Sets/Tile-set_Ep1_51.asset using Guid(db960ad4b9a6a504f8e285ffee7a0e35) Importer(815301076,1909f56bfc062723c751e8b465ee728b)  -> (artifact id: 'bf43addc63be7cd94b08f8dfe1719399') in 0.014550 seconds 
========================================================================
Received Import Request.
  Time since last request: 0.000030 seconds.
  path: Assets/Tile-Sets/Tile-set_Ep1_52.asset
  artifactKey: Guid(9eece28b25639304db407f3a6d1df7a3) Importer(815301076,1909f56bfc062723c751e8b465ee728b)
Start importing Assets/Tile-Sets/Tile-set_Ep1_52.asset using Guid(9eece28b25639304db407f3a6d1df7a3) Importer(815301076,1909f56bfc062723c751e8b465ee728b)  -> (artifact id: '0a87ad900b59e273ab951fe9fe42ebbc') in 0.016334 seconds 
========================================================================
Received Import Request.
  Time since last request: 0.000033 seconds.
  path: Assets/Tile-Sets/Tile-set_Ep1_56.asset
  artifactKey: Guid(232fe4f97e55cad49a7bd471e8ca2c52) Importer(815301076,1909f56bfc062723c751e8b465ee728b)
Start importing Assets/Tile-Sets/Tile-set_Ep1_56.asset using Guid(232fe4f97e55cad49a7bd471e8ca2c52) Importer(815301076,1909f56bfc062723c751e8b465ee728b)  -> (artifact id: '44ca22521ee1abf0f982a28b3b87553d') in 0.014987 seconds 
========================================================================
Received Import Request.
  Time since last request: 0.000045 seconds.
  path: Assets/Tile-Sets/Tile-set_Ep1_53.asset
  artifactKey: Guid(2c7c11ad3ac1bd64c9e5825715269537) Importer(815301076,1909f56bfc062723c751e8b465ee728b)
Start importing Assets/Tile-Sets/Tile-set_Ep1_53.asset using Guid(2c7c11ad3ac1bd64c9e5825715269537) Importer(815301076,1909f56bfc062723c751e8b465ee728b)  -> (artifact id: '75a87b650616bc1c30b5ffe612fb509b') in 0.017921 seconds 
========================================================================
Received Import Request.
  Time since last request: 0.156354 seconds.
  path: Assets/Tile-Sets/Tile-set_Ep1_59.asset
  artifactKey: Guid(e0a3bccac463477458fe320630915210) Importer(815301076,1909f56bfc062723c751e8b465ee728b)
Start importing Assets/Tile-Sets/Tile-set_Ep1_59.asset using Guid(e0a3bccac463477458fe320630915210) Importer(815301076,1909f56bfc062723c751e8b465ee728b)  -> (artifact id: 'b2b4c24864131fc342a3e16c28507542') in 0.016392 seconds 
========================================================================
Received Import Request.
  Time since last request: 0.000027 seconds.
  path: Assets/Tile-Sets/Tile-set_Ep1_62.asset
  artifactKey: Guid(ef7c71fe3d19db942a628468bd9bb05a) Importer(815301076,1909f56bfc062723c751e8b465ee728b)
Start importing Assets/Tile-Sets/Tile-set_Ep1_62.asset using Guid(ef7c71fe3d19db942a628468bd9bb05a) Importer(815301076,1909f56bfc062723c751e8b465ee728b)  -> (artifact id: 'ae42e494e046e2c3eaf283a6f34f1db4') in 0.015247 seconds 
========================================================================
Received Import Request.
  Time since last request: 0.000035 seconds.
  path: Assets/Tile-Sets/Tile-set_Ep1_67.asset
  artifactKey: Guid(775c77d43edc26f48a1bc33a98a10a56) Importer(815301076,1909f56bfc062723c751e8b465ee728b)
Start importing Assets/Tile-Sets/Tile-set_Ep1_67.asset using Guid(775c77d43edc26f48a1bc33a98a10a56) Importer(815301076,1909f56bfc062723c751e8b465ee728b)  -> (artifact id: 'ed461eddf283c2231c2bba5cd1c2b91b') in 0.015130 seconds 
========================================================================
Received Import Request.
  Time since last request: 0.000040 seconds.
  path: Assets/Tile-Sets/Tile-set_Ep1_68.asset
  artifactKey: Guid(7bb75b2efd03fbd4b9e8274399c73a05) Importer(815301076,1909f56bfc062723c751e8b465ee728b)
Start importing Assets/Tile-Sets/Tile-set_Ep1_68.asset using Guid(7bb75b2efd03fbd4b9e8274399c73a05) Importer(815301076,1909f56bfc062723c751e8b465ee728b)  -> (artifact id: '4b02a5f4ba302ac1bb2e224e1c203fbf') in 0.017025 seconds 
========================================================================
Received Import Request.
  Time since last request: 0.000027 seconds.
  path: Assets/Tile-Sets/Tile-set_Ep1_63.asset
  artifactKey: Guid(e4cb63c55e5406642be7cd73e2facbea) Importer(815301076,1909f56bfc062723c751e8b465ee728b)
Start importing Assets/Tile-Sets/Tile-set_Ep1_63.asset using Guid(e4cb63c55e5406642be7cd73e2facbea) Importer(815301076,1909f56bfc062723c751e8b465ee728b)  -> (artifact id: '3233667e69fd6c7b84a2cfc5044318ff') in 0.015883 seconds 
========================================================================
Received Import Request.
  Time since last request: 0.000021 seconds.
  path: Assets/Tile-Sets/Tile-set_Ep1_61.asset
  artifactKey: Guid(07ba0c2fa96f0384289640d46edd5f4c) Importer(815301076,1909f56bfc062723c751e8b465ee728b)
Start importing Assets/Tile-Sets/Tile-set_Ep1_61.asset using Guid(07ba0c2fa96f0384289640d46edd5f4c) Importer(815301076,1909f56bfc062723c751e8b465ee728b)  -> (artifact id: '2dbdb6608a685e86ec2499f632ac755d') in 0.015303 seconds 
Editor requested this worker to shutdown with reason: Scaling down because of idle timeout
AssetImportWorker is now disconnected from the server
Process exiting
Exiting without the bug reporter. Application will terminate with return code 0