Using pre-set license
Built from '2021.3/staging' branch; Version is '2021.3.19f1 (c9714fde33b6) revision 13201743'; Using compiler version '192829333'; Build Type 'Release'
OS: 'Windows 10  (10.0.19045) 64bit Professional' Language: 'ru' Physical Memory: 16353 MB
BatchMode: 1, IsHumanControllingUs: 0, StartBugReporterOnCrash: 0, Is64bit: 1, IsPro: 1

COMMAND LINE ARGUMENTS:
C:\Program Files\Unity\Hub\Editor\2021.3.19f1\Editor\Unity.exe
-adb2
-batchMode
-noUpm
-name
AssetImportWorker2
-projectPath
C:/Lern/DBBC/Code-Storm
-logFile
Logs/AssetImportWorker2.log
-srvPort
50638
Successfully changed project path to: C:/Lern/DBBC/Code-Storm
C:/Lern/DBBC/Code-Storm
[UnityMemory] Configuration Parameters - Can be set up in boot.config
    "memorysetup-bucket-allocator-granularity=16"
    "memorysetup-bucket-allocator-bucket-count=8"
    "memorysetup-bucket-allocator-block-size=33554432"
    "memorysetup-bucket-allocator-block-count=8"
    "memorysetup-main-allocator-block-size=16777216"
    "memorysetup-thread-allocator-block-size=16777216"
    "memorysetup-gfx-main-allocator-block-size=16777216"
    "memorysetup-gfx-thread-allocator-block-size=16777216"
    "memorysetup-cache-allocator-block-size=4194304"
    "memorysetup-typetree-allocator-block-size=2097152"
    "memorysetup-profiler-bucket-allocator-granularity=16"
    "memorysetup-profiler-bucket-allocator-bucket-count=8"
    "memorysetup-profiler-bucket-allocator-block-size=33554432"
    "memorysetup-profiler-bucket-allocator-block-count=8"
    "memorysetup-profiler-allocator-block-size=16777216"
    "memorysetup-profiler-editor-allocator-block-size=1048576"
    "memorysetup-temp-allocator-size-main=16777216"
    "memorysetup-job-temp-allocator-block-size=2097152"
    "memorysetup-job-temp-allocator-block-size-background=1048576"
    "memorysetup-job-temp-allocator-reduction-small-platforms=262144"
    "memorysetup-temp-allocator-size-background-worker=32768"
    "memorysetup-temp-allocator-size-job-worker=262144"
    "memorysetup-temp-allocator-size-preload-manager=33554432"
    "memorysetup-temp-allocator-size-nav-mesh-worker=65536"
    "memorysetup-temp-allocator-size-audio-worker=65536"
    "memorysetup-temp-allocator-size-cloud-worker=32768"
    "memorysetup-temp-allocator-size-gi-baking-worker=262144"
    "memorysetup-temp-allocator-size-gfx=262144"
Player connection [18588] Host "[IP] 192.168.1.2 [Port] 0 [Flags] 2 [Guid] 1375092125 [EditorId] 1375092125 [Version] 1048832 [Id] WindowsEditor(7,DESKTOP-RPQ0OQU) [Debug] 1 [PackageName] WindowsEditor [ProjectName] Editor" joined multi-casting on [225.0.0.222:54997]...

Player connection [18588] Host "[IP] 192.168.1.2 [Port] 0 [Flags] 2 [Guid] 1375092125 [EditorId] 1375092125 [Version] 1048832 [Id] WindowsEditor(7,DESKTOP-RPQ0OQU) [Debug] 1 [PackageName] WindowsEditor [ProjectName] Editor" joined alternative multi-casting on [225.0.0.222:34997]...

Refreshing native plugins compatible for Editor in 152.04 ms, found 4 plugins.
Preloading 0 native plugins for Editor in 0.00 ms.
Initialize engine version: 2021.3.19f1 (c9714fde33b6)
[Subsystems] Discovering subsystems at path C:/Program Files/Unity/Hub/Editor/2021.3.19f1/Editor/Data/Resources/UnitySubsystems
[Subsystems] Discovering subsystems at path C:/Lern/DBBC/Code-Storm/Assets
GfxDevice: creating device client; threaded=0; jobified=0
Direct3D:
    Version:  Direct3D 11.0 [level 11.1]
    Renderer: NVIDIA GeForce GTX 1070 (ID=0x1b81)
    Vendor:   NVIDIA
    VRAM:     8081 MB
    Driver:   31.0.15.2849
Initialize mono
Mono path[0] = 'C:/Program Files/Unity/Hub/Editor/2021.3.19f1/Editor/Data/Managed'
Mono path[1] = 'C:/Program Files/Unity/Hub/Editor/2021.3.19f1/Editor/Data/MonoBleedingEdge/lib/mono/unityjit-win32'
Mono config path = 'C:/Program Files/Unity/Hub/Editor/2021.3.19f1/Editor/Data/MonoBleedingEdge/etc'
Using monoOptions --debugger-agent=transport=dt_socket,embedding=1,server=y,suspend=n,address=127.0.0.1:56620
Begin MonoManager ReloadAssembly
Registering precompiled unity dll's ...
Register platform support module: C:/Program Files/Unity/Hub/Editor/2021.3.19f1/Editor/Data/PlaybackEngines/AndroidPlayer/UnityEditor.Android.Extensions.dll
Register platform support module: C:/Program Files/Unity/Hub/Editor/2021.3.19f1/Editor/Data/PlaybackEngines/WindowsStandaloneSupport/UnityEditor.WindowsStandalone.Extensions.dll
Registered in 0.014511 seconds.
Native extension for WindowsStandalone target not found
Native extension for Android target not found
Android Extension - Scanning For ADB Devices 383 ms
Refreshing native plugins compatible for Editor in 132.99 ms, found 4 plugins.
Preloading 0 native plugins for Editor in 0.00 ms.
Mono: successfully reloaded assembly
- Completed reload, in  1.456 seconds
Domain Reload Profiling:
	ReloadAssembly (1457ms)
		BeginReloadAssembly (130ms)
			ExecutionOrderSort (0ms)
			DisableScriptedObjects (0ms)
			BackupInstance (0ms)
			ReleaseScriptingObjects (0ms)
			CreateAndSetChildDomain (1ms)
		EndReloadAssembly (1145ms)
			LoadAssemblies (125ms)
			RebuildTransferFunctionScriptingTraits (0ms)
			SetupTypeCache (179ms)
			ReleaseScriptCaches (0ms)
			RebuildScriptCaches (45ms)
			SetupLoadedEditorAssemblies (837ms)
				LogAssemblyErrors (0ms)
				InitializePlatformSupportModulesInManaged (483ms)
				SetLoadedEditorAssemblies (0ms)
				RefreshPlugins (133ms)
				BeforeProcessingInitializeOnLoad (2ms)
				ProcessInitializeOnLoadAttributes (144ms)
				ProcessInitializeOnLoadMethodAttributes (74ms)
				AfterProcessingInitializeOnLoad (0ms)
				EditorAssembliesLoaded (0ms)
			ExecutionOrderSort2 (0ms)
			AwakeInstancesAfterBackupRestoration (0ms)
Platform modules already initialized, skipping
Registering precompiled user dll's ...
Registered in 0.012678 seconds.
Begin MonoManager ReloadAssembly
Symbol file LoadedFromMemory doesn't match image C:\Lern\DBBC\Code-Storm\Library\PackageCache\com.unity.visualscripting@1.8.0\Editor\VisualScripting.Core\Dependencies\YamlDotNet\Unity.VisualScripting.YamlDotNet.dll
Symbol file LoadedFromMemory doesn't match image C:\Lern\DBBC\Code-Storm\Library\PackageCache\com.unity.visualscripting@1.8.0\Editor\VisualScripting.Core\Dependencies\DotNetZip\Unity.VisualScripting.IonicZip.dll
Native extension for WindowsStandalone target not found
Native extension for Android target not found
Refreshing native plugins compatible for Editor in 129.20 ms, found 4 plugins.
Preloading 0 native plugins for Editor in 0.00 ms.
Mono: successfully reloaded assembly
- Completed reload, in  1.774 seconds
Domain Reload Profiling:
	ReloadAssembly (1775ms)
		BeginReloadAssembly (186ms)
			ExecutionOrderSort (0ms)
			DisableScriptedObjects (10ms)
			BackupInstance (0ms)
			ReleaseScriptingObjects (0ms)
			CreateAndSetChildDomain (27ms)
		EndReloadAssembly (1400ms)
			LoadAssemblies (145ms)
			RebuildTransferFunctionScriptingTraits (0ms)
			SetupTypeCache (380ms)
			ReleaseScriptCaches (1ms)
			RebuildScriptCaches (94ms)
			SetupLoadedEditorAssemblies (704ms)
				LogAssemblyErrors (0ms)
				InitializePlatformSupportModulesInManaged (27ms)
				SetLoadedEditorAssemblies (0ms)
				RefreshPlugins (129ms)
				BeforeProcessingInitializeOnLoad (143ms)
				ProcessInitializeOnLoadAttributes (330ms)
				ProcessInitializeOnLoadMethodAttributes (59ms)
				AfterProcessingInitializeOnLoad (16ms)
				EditorAssembliesLoaded (0ms)
			ExecutionOrderSort2 (0ms)
			AwakeInstancesAfterBackupRestoration (9ms)
Platform modules already initialized, skipping
========================================================================
Worker process is ready to serve import requests
Launched and connected shader compiler UnityShaderCompiler.exe after 0.06 seconds
Refreshing native plugins compatible for Editor in 1.39 ms, found 4 plugins.
Preloading 0 native plugins for Editor in 0.00 ms.
Unloading 3734 Unused Serialized files (Serialized files now loaded: 0)
Unloading 41 unused Assets / (229.5 KB). Loaded Objects now: 4189.
Memory consumption went from 142.7 MB to 142.4 MB.
Total: 4.656000 ms (FindLiveObjects: 0.362600 ms CreateObjectMapping: 0.182600 ms MarkObjects: 3.888800 ms  DeleteObjects: 0.220400 ms)

AssetImportParameters requested are different than current active one (requested -> active):
  custom:video-decoder-ogg-theora: a1e56fd34408186e4bbccfd4996cb3dc -> 
  custom:container-muxer-webm: aa71ff27fc2769a1b78a27578f13a17b -> 
  custom:container-demuxer-webm: 4f35f7cbe854078d1ac9338744f61a02 -> 
  custom:video-encoder-webm-vp8: eb34c28f22e8b96e1ab97ce403110664 -> 
  custom:audio-encoder-webm-vorbis: bf7c407c2cedff20999df2af8eb42d56 -> 
  custom:framework-win-MediaFoundation: 216162199b28c13a410421893ffa2e32 -> 
  custom:container-demuxer-ogg: 62fdf1f143b41e24485cea50d1cbac27 -> 
  custom:video-decoder-webm-vp8: 9c59270c3fd7afecdb556c50c9e8de78 -> 
  custom:audio-decoder-ogg-vorbis: bf7c407c2cedff20999df2af8eb42d56 -> 
========================================================================
Received Import Request.
  Time since last request: 640129.564797 seconds.
  path: Assets/Tile-Sets/Palette1.prefab
  artifactKey: Guid(0e6afedccc73e1446b2d5e0d64a04e0e) Importer(815301076,1909f56bfc062723c751e8b465ee728b)
Start importing Assets/Tile-Sets/Palette1.prefab using Guid(0e6afedccc73e1446b2d5e0d64a04e0e) Importer(815301076,1909f56bfc062723c751e8b465ee728b)  -> (artifact id: '4c2c0bbfc84e6bcdcf3af77c93bb04f1') in 0.281236 seconds 
========================================================================
Received Import Request.
  Time since last request: 2575.377232 seconds.
  path: Assets/Tile-Sets/Palette1.prefab
  artifactKey: Guid(0e6afedccc73e1446b2d5e0d64a04e0e) Importer(815301076,1909f56bfc062723c751e8b465ee728b)
Start importing Assets/Tile-Sets/Palette1.prefab using Guid(0e6afedccc73e1446b2d5e0d64a04e0e) Importer(815301076,1909f56bfc062723c751e8b465ee728b)  -> (artifact id: 'd15ab05a3ca58ea7c5a6f7199e6376c9') in 0.058622 seconds 
========================================================================
Received Import Request.
  Time since last request: 175.308792 seconds.
  path: Assets/Tile-Sets/Palette_Ep1.prefab
  artifactKey: Guid(40331bdaa9697d64bb9fdfb4f625f33a) Importer(815301076,1909f56bfc062723c751e8b465ee728b)
Start importing Assets/Tile-Sets/Palette_Ep1.prefab using Guid(40331bdaa9697d64bb9fdfb4f625f33a) Importer(815301076,1909f56bfc062723c751e8b465ee728b)  -> (artifact id: 'ab33cc90dd09d8839d221b10bb23346c') in 0.021211 seconds 
========================================================================
Received Import Request.
  Time since last request: 41.189957 seconds.
  path: Assets/Tile-Sets/Palette_Ep1.prefab
  artifactKey: Guid(40331bdaa9697d64bb9fdfb4f625f33a) Importer(815301076,1909f56bfc062723c751e8b465ee728b)
Start importing Assets/Tile-Sets/Palette_Ep1.prefab using Guid(40331bdaa9697d64bb9fdfb4f625f33a) Importer(815301076,1909f56bfc062723c751e8b465ee728b)  -> (artifact id: 'c2c1530e35e1af7e2bf8da7a06fc4d01') in 0.074003 seconds 
========================================================================
Received Import Request.
  Time since last request: 246.668692 seconds.
  path: Assets/Tile-Sets/Palette_Ep1.prefab
  artifactKey: Guid(40331bdaa9697d64bb9fdfb4f625f33a) Importer(815301076,1909f56bfc062723c751e8b465ee728b)
Start importing Assets/Tile-Sets/Palette_Ep1.prefab using Guid(40331bdaa9697d64bb9fdfb4f625f33a) Importer(815301076,1909f56bfc062723c751e8b465ee728b)  -> (artifact id: '5ff6f4918b4ee35f5ec9f7ad3ce687dd') in 0.108310 seconds 
========================================================================
Received Import Request.
  Time since last request: 0.000036 seconds.
  path: Assets/Tile-Sets/Tile-set_Decor1_8.asset
  artifactKey: Guid(e7fe1ff020a937c489d0dc87d38cc500) Importer(815301076,1909f56bfc062723c751e8b465ee728b)
Start importing Assets/Tile-Sets/Tile-set_Decor1_8.asset using Guid(e7fe1ff020a937c489d0dc87d38cc500) Importer(815301076,1909f56bfc062723c751e8b465ee728b)  -> (artifact id: 'c07b04ae90d1987a1b467cf06979d8d8') in 0.028927 seconds 
========================================================================
Received Import Request.
  Time since last request: 0.000047 seconds.
  path: Assets/Tile-Sets/Tile-set_Decor1_10.asset
  artifactKey: Guid(4197ff88527b12c4c852df6040cea022) Importer(815301076,1909f56bfc062723c751e8b465ee728b)
Start importing Assets/Tile-Sets/Tile-set_Decor1_10.asset using Guid(4197ff88527b12c4c852df6040cea022) Importer(815301076,1909f56bfc062723c751e8b465ee728b)  -> (artifact id: '01e89bbddee3c0216b12290cfa4447b0') in 0.017521 seconds 
========================================================================
Received Import Request.
  Time since last request: 0.000033 seconds.
  path: Assets/Tile-Sets/Tile-set_Decor1_5.asset
  artifactKey: Guid(55af5d04de899d94581a3ab8de5abdd8) Importer(815301076,1909f56bfc062723c751e8b465ee728b)
Start importing Assets/Tile-Sets/Tile-set_Decor1_5.asset using Guid(55af5d04de899d94581a3ab8de5abdd8) Importer(815301076,1909f56bfc062723c751e8b465ee728b)  -> (artifact id: 'fae6192f5864a047a8de61b8b143b750') in 0.017182 seconds 
========================================================================
Received Import Request.
  Time since last request: 0.000032 seconds.
  path: Assets/Tile-Sets/Tile-set_Decor1_6.asset
  artifactKey: Guid(ad0f0907c60c0374a957ebc62052cee5) Importer(815301076,1909f56bfc062723c751e8b465ee728b)
Start importing Assets/Tile-Sets/Tile-set_Decor1_6.asset using Guid(ad0f0907c60c0374a957ebc62052cee5) Importer(815301076,1909f56bfc062723c751e8b465ee728b)  -> (artifact id: '519546c67d5ce8069937f8c161a4d919') in 0.018504 seconds 
========================================================================
Received Import Request.
  Time since last request: 0.000026 seconds.
  path: Assets/Tile-Sets/Tile-set_Decor1_3.asset
  artifactKey: Guid(a95862f6938486e4aa0a98c35b10a520) Importer(815301076,1909f56bfc062723c751e8b465ee728b)
Start importing Assets/Tile-Sets/Tile-set_Decor1_3.asset using Guid(a95862f6938486e4aa0a98c35b10a520) Importer(815301076,1909f56bfc062723c751e8b465ee728b)  -> (artifact id: 'ef0eb311182cda295bf009d01b2828da') in 0.016958 seconds 
========================================================================
Received Import Request.
  Time since last request: 0.702701 seconds.
  path: Assets/Tile-Sets/Tile-set_Decor1_11.asset
  artifactKey: Guid(0db75dd0a3534af4aabb341aeedfc75b) Importer(815301076,1909f56bfc062723c751e8b465ee728b)
Start importing Assets/Tile-Sets/Tile-set_Decor1_11.asset using Guid(0db75dd0a3534af4aabb341aeedfc75b) Importer(815301076,1909f56bfc062723c751e8b465ee728b)  -> (artifact id: '7d206e056b11df8ed6b38d3d18a2810e') in 0.014801 seconds 
========================================================================
Received Import Request.
  Time since last request: 0.000030 seconds.
  path: Assets/Tile-Sets/Tile-set_Decor1_14.asset
  artifactKey: Guid(d18a9a8288a468c448cd311eb1748908) Importer(815301076,1909f56bfc062723c751e8b465ee728b)
Start importing Assets/Tile-Sets/Tile-set_Decor1_14.asset using Guid(d18a9a8288a468c448cd311eb1748908) Importer(815301076,1909f56bfc062723c751e8b465ee728b)  -> (artifact id: 'e65f05deea64c56dd45e2ce8689fec99') in 0.013618 seconds 
========================================================================
Received Import Request.
  Time since last request: 0.000026 seconds.
  path: Assets/Tile-Sets/Tile-set_Decor1_16.asset
  artifactKey: Guid(55a1eefdf5e874845b24020e6efe1b55) Importer(815301076,1909f56bfc062723c751e8b465ee728b)
Start importing Assets/Tile-Sets/Tile-set_Decor1_16.asset using Guid(55a1eefdf5e874845b24020e6efe1b55) Importer(815301076,1909f56bfc062723c751e8b465ee728b)  -> (artifact id: 'b75c966e5a2e052ee94e2ee89f0e3d98') in 0.013250 seconds 
========================================================================
Received Import Request.
  Time since last request: 0.000033 seconds.
  path: Assets/Tile-Sets/Tile-set_Decor1_15.asset
  artifactKey: Guid(14c9211c2eff04b448f8b98c21e0f8e4) Importer(815301076,1909f56bfc062723c751e8b465ee728b)
Start importing Assets/Tile-Sets/Tile-set_Decor1_15.asset using Guid(14c9211c2eff04b448f8b98c21e0f8e4) Importer(815301076,1909f56bfc062723c751e8b465ee728b)  -> (artifact id: '7ff7b5a518210373d5a0d1c4674caaf6') in 0.013192 seconds 
Editor requested this worker to shutdown with reason: Scaling down because of idle timeout
AssetImportWorker is now disconnected from the server
Process exiting
Exiting without the bug reporter. Application will terminate with return code 0